<?xml version="1.0" encoding="UTF-8"?>
<!-- Generated by org.testng.reporters.JUnitReportReporter -->
<testsuite hostname="DESKTOP-3T17BOV" failures="0" tests="3" name="com.crm.qa.testcases.LoginPageTest" time="43.989" errors="0" timestamp="2024-04-20T18:52:03 IST" skipped="0">
  <testcase classname="com.crm.qa.testcases.LoginPageTest" name="loginPageTitleTest" time="10.540"/>
  <testcase classname="com.crm.qa.testcases.LoginPageTest" name="crmLogoImageTest" time="10.955"/>
  <testcase classname="com.crm.qa.testcases.LoginPageTest" name="loginTest" time="22.494"/>
</testsuite> <!-- com.crm.qa.testcases.LoginPageTest -->
