<?xml version="1.0" encoding="UTF-8"?>
<!-- Generated by org.testng.reporters.JUnitReportReporter -->
<testsuite hostname="DESKTOP-3T17BOV" failures="0" tests="2" name="com.crm.qa.testcases.HomePageTest" time="47.858" errors="0" timestamp="2024-04-20T18:52:03 IST" skipped="0">
  <testcase classname="com.crm.qa.testcases.HomePageTest" name="verifyUserNameTest" time="22.671"/>
  <testcase classname="com.crm.qa.testcases.HomePageTest" name="verifyContactsLinkTest" time="25.187"/>
</testsuite> <!-- com.crm.qa.testcases.HomePageTest -->
